  GloveDlg.cpp
g:\cxcengine\src\engine\graphics\..\Physics\ode\ode.h(28): fatal error C1083: 无法打开包括文件: “ode/odeconfig.h”: No such file or directory
  stdafx.cpp
g:\cxcengine\src\engine\graphics\..\Physics\ode\ode.h(28): fatal error C1083: 无法打开包括文件: “ode/odeconfig.h”: No such file or directory
  RobotSimDlg.cpp
g:\cxcengine\src\engine\graphics\..\Physics\ode\ode.h(28): fatal error C1083: 无法打开包括文件: “ode/odeconfig.h”: No such file or directory
  RobotSim.cpp
g:\cxcengine\src\engine\graphics\..\Physics\ode\ode.h(28): fatal error C1083: 无法打开包括文件: “ode/odeconfig.h”: No such file or directory
  KinectWin.cpp
g:\cxcengine\src\engine\graphics\..\Physics\ode\ode.h(28): fatal error C1083: 无法打开包括文件: “ode/odeconfig.h”: No such file or directory
  CvvImage.cpp
g:\cxcengine\src\engine\graphics\..\Physics\ode\ode.h(28): fatal error C1083: 无法打开包括文件: “ode/odeconfig.h”: No such file or directory
  RobotHand.cpp
g:\cxcengine\src\engine\graphics\..\Physics\ode\ode.h(28): fatal error C1083: 无法打开包括文件: “ode/odeconfig.h”: No such file or directory
  Kinematics.cpp
g:\cxcengine\src\examples\fbxsdk-test\stdafx.h : warning C4819: 该文件包含不能在当前代码页(936)中表示的字符。请将该文件保存为 Unicode 格式以防止数据丢失
g:\cxcengine\src\examples\fbxsdk-test\targetver.h : warning C4819: 该文件包含不能在当前代码页(936)中表示的字符。请将该文件保存为 Unicode 格式以防止数据丢失
  Window.cpp
  Parser.cpp
  RigidBody3D.cpp
g:\cxcengine\src\engine\physics\ode/ode.h(28): fatal error C1083: 无法打开包括文件: “ode/odeconfig.h”: No such file or directory
  Collider3D.cpp
g:\cxcengine\src\engine\physics\ode\ode.h(28): fatal error C1083: 无法打开包括文件: “ode/odeconfig.h”: No such file or directory
  FileHelper.cpp
  TextureManger.cpp
  Texture2D.cpp
  Shape.cpp
g:\cxcengine\src\engine\graphics\..\Physics\ode\ode.h(28): fatal error C1083: 无法打开包括文件: “ode/odeconfig.h”: No such file or directory
  SceneManager.cpp
g:\cxcengine\src\engine\graphics\..\Physics\ode\ode.h(28): fatal error C1083: 无法打开包括文件: “ode/odeconfig.h”: No such file or directory
  Object3D.cpp
g:\cxcengine\src\engine\graphics\..\Physics\ode\ode.h(28): fatal error C1083: 无法打开包括文件: “ode/odeconfig.h”: No such file or directory
  FontsManager.cpp
  Font.cpp
  正在生成代码...
  正在编译...
  EnginFacade.cpp
g:\cxcengine\src\engine\graphics\..\Physics\ode\ode.h(28): fatal error C1083: 无法打开包括文件: “ode/odeconfig.h”: No such file or directory
  RendererManager.cpp
  InputManager.cpp
g:\cxcengine\src\engine\graphics\..\Physics\ode\ode.h(28): fatal error C1083: 无法打开包括文件: “ode/odeconfig.h”: No such file or directory
  CommandHandler.cpp
g:\cxcengine\src\engine\graphics\..\Physics\ode\ode.h(28): fatal error C1083: 无法打开包括文件: “ode/odeconfig.h”: No such file or directory
  Camera.cpp
  正在生成代码...
