c:\users\39317\desktop\git\cxcengine\src\engine\debug\cxcengine.pdb
c:\users\39317\desktop\git\cxcengine\src\engine\debug\cxcengine.idb
c:\users\39317\desktop\git\cxcengine\src\engine\debug\collider3d.obj
c:\users\39317\desktop\git\cxcengine\src\engine\debug\rigidbody3d.obj
c:\users\39317\desktop\git\cxcengine\src\engine\debug\camera.obj
c:\users\39317\desktop\git\cxcengine\src\engine\debug\commandhandler.obj
c:\users\39317\desktop\git\cxcengine\src\engine\debug\inputmanager.obj
c:\users\39317\desktop\git\cxcengine\src\engine\debug\renderermanager.obj
c:\users\39317\desktop\git\cxcengine\src\engine\debug\enginfacade.obj
c:\users\39317\desktop\git\cxcengine\src\engine\debug\font.obj
c:\users\39317\desktop\git\cxcengine\src\engine\debug\fontsmanager.obj
c:\users\39317\desktop\git\cxcengine\src\engine\debug\object3d.obj
c:\users\39317\desktop\git\cxcengine\src\engine\debug\scenemanager.obj
c:\users\39317\desktop\git\cxcengine\src\engine\debug\shape.obj
c:\users\39317\desktop\git\cxcengine\src\engine\debug\texture2d.obj
c:\users\39317\desktop\git\cxcengine\src\engine\debug\texturemanger.obj
c:\users\39317\desktop\git\cxcengine\src\engine\debug\filehelper.obj
c:\users\39317\desktop\git\cxcengine\src\engine\debug\parser.obj
c:\users\39317\desktop\git\cxcengine\src\engine\debug\window.obj
c:\users\39317\desktop\git\cxcengine\src\engine\debug\cxcengine.lib
c:\users\39317\desktop\git\cxcengine\src\engine\debug\cxcengine.tlog\cl.command.1.tlog
c:\users\39317\desktop\git\cxcengine\src\engine\debug\cxcengine.tlog\cl.read.1.tlog
c:\users\39317\desktop\git\cxcengine\src\engine\debug\cxcengine.tlog\cl.write.1.tlog
c:\users\39317\desktop\git\cxcengine\src\engine\debug\cxcengine.tlog\lib-link.read.1.tlog
c:\users\39317\desktop\git\cxcengine\src\engine\debug\cxcengine.tlog\lib-link.write.1.tlog
c:\users\39317\desktop\git\cxcengine\src\engine\debug\cxcengine.tlog\lib.command.1.tlog
