g:\cxcengine\src\engine\release\cxcengine.pdb
g:\cxcengine\src\engine\release\rigidbody3d.obj
g:\cxcengine\src\engine\release\shape.obj
g:\cxcengine\src\engine\release\scenemanager.obj
g:\cxcengine\src\engine\release\object3d.obj
g:\cxcengine\src\engine\release\enginfacade.obj
g:\cxcengine\src\engine\release\inputmanager.obj
g:\cxcengine\src\engine\release\commandhandler.obj
g:\cxcengine\src\engine\release\camera.obj
g:\cxcengine\src\engine\release\window.obj
g:\cxcengine\src\engine\release\parser.obj
g:\cxcengine\src\engine\release\filehelper.obj
g:\cxcengine\src\engine\release\texturemanger.obj
g:\cxcengine\src\engine\release\texture2d.obj
g:\cxcengine\src\engine\release\fontsmanager.obj
g:\cxcengine\src\engine\release\font.obj
g:\cxcengine\src\engine\release\renderermanager.obj
g:\cxcengine\src\engine\release\collider3d.obj
g:\cxcengine\src\engine\release\animation.obj
g:\cxcengine\src\engine\release\cxcengine.lib
g:\cxcengine\src\engine\release\cxcengine.tlog\cl.command.1.tlog
g:\cxcengine\src\engine\release\cxcengine.tlog\cl.read.1.tlog
g:\cxcengine\src\engine\release\cxcengine.tlog\cl.write.1.tlog
g:\cxcengine\src\engine\release\cxcengine.tlog\lib-link.read.1.tlog
g:\cxcengine\src\engine\release\cxcengine.tlog\lib-link.write.1.tlog
g:\cxcengine\src\engine\release\cxcengine.tlog\lib.command.1.tlog
