c:\users\cxc123\desktop\cxcengine\src\release\vc141.pdb
c:\users\cxc123\desktop\cxcengine\src\release\stdafx.obj
c:\users\cxc123\desktop\cxcengine\src\release\robotsimdlg.obj
c:\users\cxc123\desktop\cxcengine\src\release\robotsim.obj
c:\users\cxc123\desktop\cxcengine\src\release\robothand.obj
c:\users\cxc123\desktop\cxcengine\src\release\window.obj
c:\users\cxc123\desktop\cxcengine\src\release\parser.obj
c:\users\cxc123\desktop\cxcengine\src\release\filehelper.obj
c:\users\cxc123\desktop\cxcengine\src\release\texturemanger.obj
c:\users\cxc123\desktop\cxcengine\src\release\texture2d.obj
c:\users\cxc123\desktop\cxcengine\src\release\shape.obj
c:\users\cxc123\desktop\cxcengine\src\release\objectmanager.obj
c:\users\cxc123\desktop\cxcengine\src\release\object3d.obj
c:\users\cxc123\desktop\cxcengine\src\release\fontsmanager.obj
c:\users\cxc123\desktop\cxcengine\src\release\font.obj
c:\users\cxc123\desktop\cxcengine\src\release\enginfacade.obj
c:\users\cxc123\desktop\cxcengine\src\release\renderermanager.obj
c:\users\cxc123\desktop\cxcengine\src\release\inputmanager.obj
c:\users\cxc123\desktop\cxcengine\src\release\commandhandler.obj
c:\users\cxc123\desktop\cxcengine\src\release\camera.obj
c:\users\cxc123\desktop\cxcengine\src\release\robotsim.exe
c:\users\cxc123\desktop\cxcengine\src\release\robotsim.pdb
c:\users\cxc123\desktop\cxcengine\src\release\robotsim.res
c:\users\cxc123\desktop\cxcengine\src\release\robotsim.tlog\cl.command.1.tlog
c:\users\cxc123\desktop\cxcengine\src\release\robotsim.tlog\cl.read.1.tlog
c:\users\cxc123\desktop\cxcengine\src\release\robotsim.tlog\cl.write.1.tlog
c:\users\cxc123\desktop\cxcengine\src\release\robotsim.tlog\link.command.1.tlog
c:\users\cxc123\desktop\cxcengine\src\release\robotsim.tlog\link.read.1.tlog
c:\users\cxc123\desktop\cxcengine\src\release\robotsim.tlog\link.write.1.tlog
c:\users\cxc123\desktop\cxcengine\src\release\robotsim.tlog\rc.command.1.tlog
c:\users\cxc123\desktop\cxcengine\src\release\robotsim.tlog\rc.read.1.tlog
c:\users\cxc123\desktop\cxcengine\src\release\robotsim.tlog\rc.write.1.tlog
