  Object3D.cpp
c:\users\39317\desktop\git\cxcengine\src\engine\physics\ode/ode.h(28): fatal error C1083: 无法打开包括文件: “ode/odeconfig.h”: No such file or directory
  FileHelper.cpp
  CvvImage.cpp
c:\users\39317\desktop\git\cxcengine\src\engine\physics\ode/ode.h(28): fatal error C1083: 无法打开包括文件: “ode/odeconfig.h”: No such file or directory
  GloveDlg.cpp
c:\users\39317\desktop\git\cxcengine\src\engine\physics\ode/ode.h(28): fatal error C1083: 无法打开包括文件: “ode/odeconfig.h”: No such file or directory
  KinectWin.cpp
c:\users\39317\desktop\git\cxcengine\src\engine\physics\ode/ode.h(28): fatal error C1083: 无法打开包括文件: “ode/odeconfig.h”: No such file or directory
  Kinematics.cpp
  Camera.cpp
c:\users\39317\desktop\git\cxcengine\src\engine\physics\ode/ode.h(28): fatal error C1083: 无法打开包括文件: “ode/odeconfig.h”: No such file or directory
  CommandHandler.cpp
c:\users\39317\desktop\git\cxcengine\src\engine\physics\ode/ode.h(28): fatal error C1083: 无法打开包括文件: “ode/odeconfig.h”: No such file or directory
  InputManager.cpp
c:\users\39317\desktop\git\cxcengine\src\engine\physics\ode/ode.h(28): fatal error C1083: 无法打开包括文件: “ode/odeconfig.h”: No such file or directory
  RendererManager.cpp
  EnginFacade.cpp
c:\users\39317\desktop\git\cxcengine\src\engine\physics\ode/ode.h(28): fatal error C1083: 无法打开包括文件: “ode/odeconfig.h”: No such file or directory
  Font.cpp
  FontsManager.cpp
  SceneManager.cpp
c:\users\39317\desktop\git\cxcengine\src\engine\physics\ode/ode.h(28): fatal error C1083: 无法打开包括文件: “ode/odeconfig.h”: No such file or directory
  Shape.cpp
c:\users\39317\desktop\git\cxcengine\src\engine\graphics\..\Physics\ode\ode.h(28): fatal error C1083: 无法打开包括文件: “ode/odeconfig.h”: No such file or directory
  Texture2D.cpp
  TextureManger.cpp
  Parser.cpp
  Window.cpp
  RobotHand.cpp
c:\users\39317\desktop\git\cxcengine\src\engine\physics\ode/ode.h(28): fatal error C1083: 无法打开包括文件: “ode/odeconfig.h”: No such file or directory
  正在生成代码...
  正在编译...
  RobotSim.cpp
c:\users\39317\desktop\git\cxcengine\src\engine\physics\ode/ode.h(28): fatal error C1083: 无法打开包括文件: “ode/odeconfig.h”: No such file or directory
  RobotSimDlg.cpp
c:\users\39317\desktop\git\cxcengine\src\engine\physics\ode/ode.h(28): fatal error C1083: 无法打开包括文件: “ode/odeconfig.h”: No such file or directory
  stdafx.cpp
c:\users\39317\desktop\git\cxcengine\src\engine\physics\ode/ode.h(28): fatal error C1083: 无法打开包括文件: “ode/odeconfig.h”: No such file or directory
  正在生成代码...
