  GloveDlg.cpp
c:\program files (x86)\microsoft visual studio\2017\professional\vc\tools\msvc\14.11.25503\atlmfc\include\afx.h(24): fatal error C1189: #error:  Building MFC application with /MD[d] (CRT dll version) requires MFC shared dll version. Please #define _AFXDLL or do not use /MD[d]
  stdafx.cpp
c:\program files (x86)\microsoft visual studio\2017\professional\vc\tools\msvc\14.11.25503\atlmfc\include\afx.h(24): fatal error C1189: #error:  Building MFC application with /MD[d] (CRT dll version) requires MFC shared dll version. Please #define _AFXDLL or do not use /MD[d]
  RobotSimDlg.cpp
c:\program files (x86)\microsoft visual studio\2017\professional\vc\tools\msvc\14.11.25503\atlmfc\include\afx.h(24): fatal error C1189: #error:  Building MFC application with /MD[d] (CRT dll version) requires MFC shared dll version. Please #define _AFXDLL or do not use /MD[d]
  RobotSim.cpp
c:\program files (x86)\microsoft visual studio\2017\professional\vc\tools\msvc\14.11.25503\atlmfc\include\afx.h(24): fatal error C1189: #error:  Building MFC application with /MD[d] (CRT dll version) requires MFC shared dll version. Please #define _AFXDLL or do not use /MD[d]
  RobotHand.cpp
g:\cxcengine\src\engine\general\definetypes.h(37): fatal error C1083: 无法打开包括文件: “gl/glew.h”: No such file or directory
  Kinematics.cpp
g:\cxcengine\src\engine\general\definetypes.h(37): fatal error C1083: 无法打开包括文件: “gl/glew.h”: No such file or directory
  Window.cpp
g:\cxcengine\src\engine\general\definetypes.h(37): fatal error C1083: 无法打开包括文件: “gl/glew.h”: No such file or directory
  Parser.cpp
g:\cxcengine\src\engine\general\definetypes.h(37): fatal error C1083: 无法打开包括文件: “gl/glew.h”: No such file or directory
  FileHelper.cpp
g:\cxcengine\src\engine\general\definetypes.h(37): fatal error C1083: 无法打开包括文件: “gl/glew.h”: No such file or directory
  TextureManger.cpp
g:\cxcengine\src\engine\general\definetypes.h(37): fatal error C1083: 无法打开包括文件: “gl/glew.h”: No such file or directory
  Texture2D.cpp
g:\cxcengine\src\engine\general\definetypes.h(37): fatal error C1083: 无法打开包括文件: “gl/glew.h”: No such file or directory
  Shape.cpp
g:\cxcengine\src\engine\general\definetypes.h(37): fatal error C1083: 无法打开包括文件: “gl/glew.h”: No such file or directory
  SceneManager.cpp
g:\cxcengine\src\engine\general\definetypes.h(37): fatal error C1083: 无法打开包括文件: “gl/glew.h”: No such file or directory
  Object3D.cpp
g:\cxcengine\src\engine\general\definetypes.h(37): fatal error C1083: 无法打开包括文件: “gl/glew.h”: No such file or directory
  FontsManager.cpp
g:\cxcengine\src\engine\general\definetypes.h(37): fatal error C1083: 无法打开包括文件: “gl/glew.h”: No such file or directory
  Font.cpp
g:\cxcengine\src\engine\general\definetypes.h(37): fatal error C1083: 无法打开包括文件: “gl/glew.h”: No such file or directory
  EnginFacade.cpp
g:\cxcengine\src\engine\general\definetypes.h(37): fatal error C1083: 无法打开包括文件: “gl/glew.h”: No such file or directory
  RendererManager.cpp
g:\cxcengine\src\engine\general\definetypes.h(37): fatal error C1083: 无法打开包括文件: “gl/glew.h”: No such file or directory
  InputManager.cpp
g:\cxcengine\src\engine\general\definetypes.h(37): fatal error C1083: 无法打开包括文件: “gl/glew.h”: No such file or directory
  CommandHandler.cpp
g:\cxcengine\src\engine\general\definetypes.h(37): fatal error C1083: 无法打开包括文件: “gl/glew.h”: No such file or directory
  正在生成代码...
  正在编译...
  Camera.cpp
g:\cxcengine\src\engine\general\definetypes.h(37): fatal error C1083: 无法打开包括文件: “gl/glew.h”: No such file or directory
  正在生成代码...
